<?xml version="1.0" encoding="UTF-8"?>
<testsuite xmlns:xsi="http://www.w3.org/2001/XMLSchema-instance" xsi:noNamespaceSchemaLocation="https://maven.apache.org/surefire/maven-surefire-plugin/xsd/surefire-test-report.xsd" version="3.0.2" name="com.example.FelineTest" time="0.011" tests="6" errors="0" skipped="0" failures="0">
  <properties>
[...]
</properties>
  <testcase name="testGetKittensDefault" classname="com.example.FelineTest" time="0.001"/>
  <testcase name="testGetKittensWithNegative" classname="com.example.FelineTest" time="0.001"/>
  <testcase name="testGetFamily" classname="com.example.FelineTest" time="0.001"/>
  <testcase name="testGetKittensWithZero" classname="com.example.FelineTest" time="0.001"/>
  <testcase name="testGetKittensWithParameter" classname="com.example.FelineTest" time="0.0"/>
  <testcase name="testEatMeat" classname="com.example.FelineTest" time="0.002"/>
</testsuite>